WARN  [2014-04-30 01:41:56,313] com.yammer.dropwizard.config.ServerFactory: 
!!!!!!!!!!!!!!!!!!!!!!!!!!!!!!!!!!!!!!!!!!!!!!!!!!!!!!!!!!!!!!!!!!!!!!!!!!!!!!!!
!!!!!!!!!!!!!!!!!!!!!!!!!!!!!!!!!!!!!!!!!!!!!!!!!!!!!!!!!!!!!!!!!!!!!!!!!!!!!!!!
!    THIS SERVICE HAS NO HEALTHCHECKS. THIS MEANS YOU WILL NEVER KNOW IF IT    !
!    DIES IN PRODUCTION, WHICH MEANS YOU WILL NEVER KNOW IF YOU'RE LETTING     !
!     YOUR USERS DOWN. YOU SHOULD ADD A HEALTHCHECK FOR EACH DEPENDENCY OF     !
!     YOUR SERVICE WHICH FULLY (BUT LIGHTLY) TESTS YOUR SERVICE'S ABILITY TO   !
!      USE THAT SERVICE. THINK OF IT AS A CONTINUOUS INTEGRATION TEST.         !
!!!!!!!!!!!!!!!!!!!!!!!!!!!!!!!!!!!!!!!!!!!!!!!!!!!!!!!!!!!!!!!!!!!!!!!!!!!!!!!!
!!!!!!!!!!!!!!!!!!!!!!!!!!!!!!!!!!!!!!!!!!!!!!!!!!!!!!!!!!!!!!!!!!!!!!!!!!!!!!!!
INFO  [2014-04-30 01:41:56,541] com.yammer.dropwizard.cli.ServerCommand: Starting mytacks-service
INFO  [2014-04-30 01:41:56,545] org.eclipse.jetty.server.Server: jetty-8.1.10.v20130312
INFO  [2014-04-30 01:41:56,775] com.sun.jersey.server.impl.application.WebApplicationImpl: Initiating Jersey application, version 'Jersey: 1.17.1 02/28/2013 12:47 PM'
INFO  [2014-04-30 01:41:56,945] com.yammer.dropwizard.config.Environment: The following paths were found for the configured resources:

    GET     /MyTacks/signup (cmpe203.project.MyTacks.api.resources.SignupResource)
    POST    /MyTacks/signup (cmpe203.project.MyTacks.api.resources.SignupResource)
    GET     /MyTacks/register (cmpe203.project.MyTacks.api.resources.RegisterResource)
    POST    /MyTacks/register (cmpe203.project.MyTacks.api.resources.RegisterResource)
    GET     /MyTacks/home (cmpe203.project.MyTacks.api.resources.HomeResource)
    GET     /MyTacks/ResetPassword (cmpe203.project.MyTacks.api.resources.ResetPasswordResource)
    GET     /MyTacks/LandingPage (cmpe203.project.MyTacks.api.resources.LandingPageResource)
    GET     /MyTacks/InviteFriend (cmpe203.project.MyTacks.api.resources.InviteFriendResource)
    POST    /MyTacks/InviteFriend (cmpe203.project.MyTacks.api.resources.InviteFriendResource)
    GET     /MyTacks/InviteFriendSuccess (cmpe203.project.MyTacks.api.resources.InviteFriendSuccessResource)
    GET     /MyTacks/EditProfile (cmpe203.project.MyTacks.api.resources.EditProfileResource)
    POST    /MyTacks/EditProfile (cmpe203.project.MyTacks.api.resources.EditProfileResource)
    GET     /MyTacks/EditProfileSuccess (cmpe203.project.MyTacks.api.resources.EditProfileSuccessResource)
    GET     /MyTacks/CreateBoard (cmpe203.project.MyTacks.api.resources.CreateBoardResource)

INFO  [2014-04-30 01:41:56,945] com.yammer.dropwizard.config.Environment: tasks = 

    POST    /tasks/gc (com.yammer.dropwizard.tasks.GarbageCollectionTask)

INFO  [2014-04-30 01:41:57,709] org.eclipse.jetty.server.AbstractConnector: Started InstrumentedBlockingChannelConnector@0.0.0.0:8080
INFO  [2014-04-30 01:41:57,713] org.eclipse.jetty.server.AbstractConnector: Started SocketConnector@0.0.0.0:8081
WARN  [2014-04-30 01:42:39,138] org.eclipse.jetty.server.AbstractHttpConnection: Failed UTF-8 decode for request path, trying ISO-8859-1
WARN  [2014-04-30 01:42:39,316] org.eclipse.jetty.server.AbstractHttpConnection: /MyTacks/%3C%=getServletContext().getContextPath()%%3E/View/Categories
! java.lang.NumberFormatException: =g
! at org.eclipse.jetty.util.TypeUtil.parseInt(TypeUtil.java:319) ~[jetty-util-8.1.10.v20130312.jar:8.1.10.v20130312]
! at org.eclipse.jetty.http.HttpURI.getDecodedPath(HttpURI.java:655) ~[jetty-http-8.1.10.v20130312.jar:8.1.10.v20130312]
! at org.eclipse.jetty.server.AbstractHttpConnection.handleRequest(AbstractHttpConnection.java:466) [jetty-server-8.1.10.v20130312.jar:8.1.10.v20130312]
! at org.eclipse.jetty.server.BlockingHttpConnection.handleRequest(BlockingHttpConnection.java:53) [jetty-server-8.1.10.v20130312.jar:8.1.10.v20130312]
! at org.eclipse.jetty.server.AbstractHttpConnection.content(AbstractHttpConnection.java:953) [jetty-server-8.1.10.v20130312.jar:8.1.10.v20130312]
! at org.eclipse.jetty.server.AbstractHttpConnection$RequestHandler.content(AbstractHttpConnection.java:1014) [jetty-server-8.1.10.v20130312.jar:8.1.10.v20130312]
! at org.eclipse.jetty.http.HttpParser.parseNext(HttpParser.java:861) [jetty-http-8.1.10.v20130312.jar:8.1.10.v20130312]
! at org.eclipse.jetty.http.HttpParser.parseAvailable(HttpParser.java:240) [jetty-http-8.1.10.v20130312.jar:8.1.10.v20130312]
! at org.eclipse.jetty.server.BlockingHttpConnection.handle(BlockingHttpConnection.java:72) [jetty-server-8.1.10.v20130312.jar:8.1.10.v20130312]
! at org.eclipse.jetty.server.nio.BlockingChannelConnector$BlockingChannelEndPoint.run(BlockingChannelConnector.java:298) [jetty-server-8.1.10.v20130312.jar:8.1.10.v20130312]
! at org.eclipse.jetty.util.thread.QueuedThreadPool.runJob(QueuedThreadPool.java:608) [jetty-util-8.1.10.v20130312.jar:8.1.10.v20130312]
! at org.eclipse.jetty.util.thread.QueuedThreadPool$3.run(QueuedThreadPool.java:543) [jetty-util-8.1.10.v20130312.jar:8.1.10.v20130312]
! at java.lang.Thread.run(Thread.java:744) [na:1.7.0_51]
